<?xml version="1.0" encoding="UTF-8"?>
<testsuite xmlns:xsi="http://www.w3.org/2001/XMLSchema-instance" xsi:noNamespaceSchemaLocation="https://maven.apache.org/surefire/maven-surefire-plugin/xsd/surefire-test-report-3.0.xsd" version="3.0" name="com.fixflow.sla.SLAServiceTest" time="0.086" tests="3" errors="0" skipped="0" failures="0">
  <properties>
[...]
</properties>
  <testcase name="testSlaMet_BoundaryJustBelowLimit" classname="com.fixflow.sla.SLAServiceTest" time="0.043"/>
  <testcase name="testSlaMet_BoundaryJustOverLimit" classname="com.fixflow.sla.SLAServiceTest" time="0.002"/>
  <testcase name="testSlaMet_BoundaryExactLimit" classname="com.fixflow.sla.SLAServiceTest" time="0.001"/>
</testsuite>